[Wed Oct 09 12:58:38.615143 2019] [ssl:warn] [pid 9196:tid 592] AH01909: www.example.com:443:0 server certificate does NOT include an ID which matches the server name
[Wed Oct 09 12:58:38.847130 2019] [ssl:warn] [pid 9196:tid 592] AH01909: www.example.com:443:0 server certificate does NOT include an ID which matches the server name
[Wed Oct 09 12:58:39.452096 2019] [mpm_winnt:notice] [pid 9196:tid 592] AH00455: Apache/2.4.28 (Win32) OpenSSL/1.0.2l PHP/7.1.10 configured -- resuming normal operations
[Wed Oct 09 12:58:39.453095 2019] [mpm_winnt:notice] [pid 9196:tid 592] AH00456: Apache Lounge VC14 Server built: Oct  4 2017 11:36:32
[Wed Oct 09 12:58:39.453095 2019] [core:notice] [pid 9196:tid 592] AH00094: Command line: 'apache\\bin\\httpd.exe -d E:/SKRIPSI Desy/server/apache -f conf\\httpd.conf'
[Wed Oct 09 12:58:39.464095 2019] [mpm_winnt:notice] [pid 9196:tid 592] AH00418: Parent: Created child process 7056
[Wed Oct 09 12:58:40.598033 2019] [ssl:warn] [pid 7056:tid 680] AH01909: www.example.com:443:0 server certificate does NOT include an ID which matches the server name
[Wed Oct 09 12:58:40.773023 2019] [ssl:warn] [pid 7056:tid 680] AH01909: www.example.com:443:0 server certificate does NOT include an ID which matches the server name
[Wed Oct 09 12:58:40.808018 2019] [mpm_winnt:notice] [pid 7056:tid 680] AH00354: Child: Starting 150 worker threads.
[Wed Oct 09 13:01:04.545308 2019] [php7:warn] [pid 7056:tid 1996] [client ::1:50622] PHP Warning:  mkdir(): File exists in E:\\SKRIPSI Desy\\server\\moodle\\lib\\setuplib.php on line 1493, referer: http://localhost/install.php
[Wed Oct 09 13:01:16.811619 2019] [mpm_winnt:notice] [pid 9196:tid 592] AH00428: Parent: child process 7056 exited with status 3221226356 -- Restarting.
[Wed Oct 09 13:01:16.996608 2019] [ssl:warn] [pid 9196:tid 592] AH01909: www.example.com:443:0 server certificate does NOT include an ID which matches the server name
[Wed Oct 09 13:01:17.018607 2019] [mpm_winnt:notice] [pid 9196:tid 592] AH00455: Apache/2.4.28 (Win32) OpenSSL/1.0.2l PHP/7.1.10 configured -- resuming normal operations
[Wed Oct 09 13:01:17.018607 2019] [mpm_winnt:notice] [pid 9196:tid 592] AH00456: Apache Lounge VC14 Server built: Oct  4 2017 11:36:32
[Wed Oct 09 13:01:17.018607 2019] [core:notice] [pid 9196:tid 592] AH00094: Command line: 'apache\\bin\\httpd.exe -d E:/SKRIPSI Desy/server/apache -f conf\\httpd.conf'
[Wed Oct 09 13:01:17.027606 2019] [mpm_winnt:notice] [pid 9196:tid 592] AH00418: Parent: Created child process 1104
Apache server shutdown initiated...
sl:warn] [pid 1104:tid 648] AH01909: www.example.com:443:0 server certificate does NOT include an ID which matches the server name
[Wed Oct 09 13:01:18.027550 2019] [ssl:warn] [pid 1104:tid 648] AH01909: www.example.com:443:0 server certificate does NOT include an ID which matches the server name
[Wed Oct 09 13:01:18.055549 2019] [mpm_winnt:notice] [pid 1104:tid 648] AH00354: Child: Starting 150 worker threads.
[Wed Oct 09 18:05:35.552447 2019] [mpm_winnt:notice] [pid 9196:tid 592] AH00422: Parent: Received shutdown signal -- Shutting down the server.
[Wed Oct 09 18:05:37.559340 2019] [mpm_winnt:notice] [pid 1104:tid 648] AH00364: Child: All worker threads have exited.
[Wed Oct 09 18:05:37.665328 2019] [mpm_winnt:notice] [pid 9196:tid 592] AH00430: Parent: Child process 1104 exited successfully.
[Sat Nov 09 21:29:32.034626 2019] [ssl:warn] [pid 9944:tid 632] AH01909: www.example.com:443:0 server certificate does NOT include an ID which matches the server name
[Sat Nov 09 21:29:32.238614 2019] [ssl:warn] [pid 9944:tid 632] AH01909: www.example.com:443:0 server certificate does NOT include an ID which matches the server name
[Sat Nov 09 21:29:32.889574 2019] [mpm_winnt:notice] [pid 9944:tid 632] AH00455: Apache/2.4.28 (Win32) OpenSSL/1.0.2l PHP/7.1.10 configured -- resuming normal operations
[Sat Nov 09 21:29:32.889574 2019] [mpm_winnt:notice] [pid 9944:tid 632] AH00456: Apache Lounge VC14 Server built: Oct  4 2017 11:36:32
[Sat Nov 09 21:29:32.889574 2019] [core:notice] [pid 9944:tid 632] AH00094: Command line: 'apache\\bin\\httpd.exe -d E:/SKRIPSI Desy/server/apache -f conf\\httpd.conf'
[Sat Nov 09 21:29:32.898574 2019] [mpm_winnt:notice] [pid 9944:tid 632] AH00418: Parent: Created child process 2408
Apache server shutdown initiated...
sl:warn] [pid 2408:tid 632] AH01909: www.example.com:443:0 server certificate does NOT include an ID which matches the server name
[Sat Nov 09 21:29:34.556472 2019] [ssl:warn] [pid 2408:tid 632] AH01909: www.example.com:443:0 server certificate does NOT include an ID which matches the server name
[Sat Nov 09 21:29:34.592469 2019] [mpm_winnt:notice] [pid 2408:tid 632] AH00354: Child: Starting 150 worker threads.
[Sat Nov 09 21:31:08.639261 2019] [mpm_winnt:notice] [pid 9944:tid 632] AH00422: Parent: Received shutdown signal -- Shutting down the server.
[Sat Nov 09 21:31:13.874932 2019] [mpm_winnt:notice] [pid 2408:tid 632] AH00364: Child: All worker threads have exited.
[Sat Nov 09 21:31:58.247781 2019] [ssl:warn] [pid 6364:tid 608] AH01909: www.example.com:443:0 server certificate does NOT include an ID which matches the server name
[Sat Nov 09 21:31:58.284791 2019] [core:warn] [pid 6364:tid 608] AH00098: pid file E:/SKRIPSI Desy/server/apache/logs/httpd.pid overwritten -- Unclean shutdown of previous Apache run?
[Sat Nov 09 21:31:58.415769 2019] [ssl:warn] [pid 6364:tid 608] AH01909: www.example.com:443:0 server certificate does NOT include an ID which matches the server name
[Sat Nov 09 21:31:58.447767 2019] [mpm_winnt:notice] [pid 6364:tid 608] AH00455: Apache/2.4.28 (Win32) OpenSSL/1.0.2l PHP/7.1.10 configured -- resuming normal operations
[Sat Nov 09 21:31:58.447767 2019] [mpm_winnt:notice] [pid 6364:tid 608] AH00456: Apache Lounge VC14 Server built: Oct  4 2017 11:36:32
[Sat Nov 09 21:31:58.447767 2019] [core:notice] [pid 6364:tid 608] AH00094: Command line: 'apache\\bin\\httpd.exe -d E:/SKRIPSI Desy/server/apache -f conf\\httpd.conf'
[Sat Nov 09 21:31:58.454767 2019] [mpm_winnt:notice] [pid 6364:tid 608] AH00418: Parent: Created child process 6856
Apache server shutdown initiated...
sl:warn] [pid 6856:tid 608] AH01909: www.example.com:443:0 server certificate does NOT include an ID which matches the server name
[Sat Nov 09 21:31:59.578750 2019] [ssl:warn] [pid 6856:tid 608] AH01909: www.example.com:443:0 server certificate does NOT include an ID which matches the server name
[Sat Nov 09 21:31:59.607699 2019] [mpm_winnt:notice] [pid 6856:tid 608] AH00354: Child: Starting 150 worker threads.
[Sat Nov 09 21:32:03.183477 2019] [mpm_winnt:notice] [pid 6364:tid 608] AH00422: Parent: Received shutdown signal -- Shutting down the server.
[Sat Nov 09 21:32:05.186400 2019] [mpm_winnt:notice] [pid 6856:tid 608] AH00364: Child: All worker threads have exited.
[Sat Nov 09 21:32:05.222355 2019] [mpm_winnt:notice] [pid 6364:tid 608] AH00430: Parent: Child process 6856 exited successfully.
[Sat Nov 09 21:32:08.685141 2019] [ssl:warn] [pid 10160:tid 640] AH01909: www.example.com:443:0 server certificate does NOT include an ID which matches the server name
[Sat Nov 09 21:32:08.824133 2019] [ssl:warn] [pid 10160:tid 640] AH01909: www.example.com:443:0 server certificate does NOT include an ID which matches the server name
[Sat Nov 09 21:32:08.851144 2019] [mpm_winnt:notice] [pid 10160:tid 640] AH00455: Apache/2.4.28 (Win32) OpenSSL/1.0.2l PHP/7.1.10 configured -- resuming normal operations
[Sat Nov 09 21:32:08.851144 2019] [mpm_winnt:notice] [pid 10160:tid 640] AH00456: Apache Lounge VC14 Server built: Oct  4 2017 11:36:32
[Sat Nov 09 21:32:08.851144 2019] [core:notice] [pid 10160:tid 640] AH00094: Command line: 'apache\\bin\\httpd.exe -d E:/SKRIPSI Desy/server/apache -f conf\\httpd.conf'
[Sat Nov 09 21:32:08.860132 2019] [mpm_winnt:notice] [pid 10160:tid 640] AH00418: Parent: Created child process 7484
Apache server shutdown initiated...
sl:warn] [pid 7484:tid 624] AH01909: www.example.com:443:0 server certificate does NOT include an ID which matches the server name
[Sat Nov 09 21:32:09.949064 2019] [ssl:warn] [pid 7484:tid 624] AH01909: www.example.com:443:0 server certificate does NOT include an ID which matches the server name
[Sat Nov 09 21:32:09.977065 2019] [mpm_winnt:notice] [pid 7484:tid 624] AH00354: Child: Starting 150 worker threads.
[Sat Nov 09 21:32:29.894893 2019] [mpm_winnt:notice] [pid 10160:tid 640] AH00422: Parent: Received shutdown signal -- Shutting down the server.
[Sat Nov 09 21:32:31.898769 2019] [mpm_winnt:notice] [pid 7484:tid 624] AH00364: Child: All worker threads have exited.
[Sat Nov 09 21:32:31.936740 2019] [mpm_winnt:notice] [pid 10160:tid 640] AH00430: Parent: Child process 7484 exited successfully.
[Sat Nov 09 21:32:48.486710 2019] [ssl:warn] [pid 4216:tid 664] AH01909: www.example.com:443:0 server certificate does NOT include an ID which matches the server name
[Sat Nov 09 21:32:48.649700 2019] [ssl:warn] [pid 4216:tid 664] AH01909: www.example.com:443:0 server certificate does NOT include an ID which matches the server name
[Sat Nov 09 21:32:48.674702 2019] [mpm_winnt:notice] [pid 4216:tid 664] AH00455: Apache/2.4.28 (Win32) OpenSSL/1.0.2l PHP/7.1.10 configured -- resuming normal operations
[Sat Nov 09 21:32:48.674702 2019] [mpm_winnt:notice] [pid 4216:tid 664] AH00456: Apache Lounge VC14 Server built: Oct  4 2017 11:36:32
[Sat Nov 09 21:32:48.674702 2019] [core:notice] [pid 4216:tid 664] AH00094: Command line: 'apache\\bin\\httpd.exe -d E:/SKRIPSI Desy/server/apache -f conf\\httpd.conf'
[Sat Nov 09 21:32:48.688698 2019] [mpm_winnt:notice] [pid 4216:tid 664] AH00418: Parent: Created child process 7928
[Sat Nov 09 21:32:49.859677 2019] [ssl:warn] [pid 7928:tid 632] AH01909: www.example.com:443:0 server certificate does NOT include an ID which matches the server name
[Sat Nov 09 21:32:50.024653 2019] [ssl:warn] [pid 7928:tid 632] AH01909: www.example.com:443:0 server certificate does NOT include an ID which matches the server name
[Sat Nov 09 21:32:50.056614 2019] [mpm_winnt:notice] [pid 7928:tid 632] AH00354: Child: Starting 150 worker threads.
[Sat Nov 09 21:35:04.266943 2019] [ssl:warn] [pid 8180:tid 228] AH01909: www.example.com:443:0 server certificate does NOT include an ID which matches the server name
[Sat Nov 09 21:35:04.329439 2019] [core:warn] [pid 8180:tid 228] AH00098: pid file E:/SKRIPSI Desy/server/apache/logs/httpd.pid overwritten -- Unclean shutdown of previous Apache run?
[Sat Nov 09 21:35:04.470065 2019] [ssl:warn] [pid 8180:tid 228] AH01909: www.example.com:443:0 server certificate does NOT include an ID which matches the server name
[Sat Nov 09 21:35:05.298171 2019] [mpm_winnt:notice] [pid 8180:tid 228] AH00455: Apache/2.4.28 (Win32) OpenSSL/1.0.2l PHP/7.1.10 configured -- resuming normal operations
[Sat Nov 09 21:35:05.298171 2019] [mpm_winnt:notice] [pid 8180:tid 228] AH00456: Apache Lounge VC14 Server built: Oct  4 2017 11:36:32
[Sat Nov 09 21:35:05.298171 2019] [core:notice] [pid 8180:tid 228] AH00094: Command line: 'apache\\bin\\httpd.exe -d E:/SKRIPSI Desy/server/apache -f conf\\httpd.conf'
[Sat Nov 09 21:35:05.313798 2019] [mpm_winnt:notice] [pid 8180:tid 228] AH00418: Parent: Created child process 6576
Apache server shutdown initiated...
sl:warn] [pid 6576:tid 628] AH01909: www.example.com:443:0 server certificate does NOT include an ID which matches the server name
[Sat Nov 09 21:35:07.015480 2019] [ssl:warn] [pid 6576:tid 628] AH01909: www.example.com:443:0 server certificate does NOT include an ID which matches the server name
[Sat Nov 09 21:35:07.046728 2019] [mpm_winnt:notice] [pid 6576:tid 628] AH00354: Child: Starting 150 worker threads.
[Sat Nov 09 21:35:48.018173 2019] [mpm_winnt:notice] [pid 8180:tid 228] AH00422: Parent: Received shutdown signal -- Shutting down the server.
[Sat Nov 09 21:35:50.039298 2019] [mpm_winnt:notice] [pid 6576:tid 628] AH00364: Child: All worker threads have exited.
[Sat Nov 09 21:35:50.086180 2019] [mpm_winnt:notice] [pid 8180:tid 228] AH00430: Parent: Child process 6576 exited successfully.
[Sat Nov 09 21:36:07.880801 2019] [ssl:warn] [pid 3580:tid 656] AH01909: www.example.com:443:0 server certificate does NOT include an ID which matches the server name
[Sat Nov 09 21:36:08.083921 2019] [ssl:warn] [pid 3580:tid 656] AH01909: www.example.com:443:0 server certificate does NOT include an ID which matches the server name
[Sat Nov 09 21:36:08.115170 2019] [mpm_winnt:notice] [pid 3580:tid 656] AH00455: Apache/2.4.28 (Win32) OpenSSL/1.0.2l PHP/7.1.10 configured -- resuming normal operations
[Sat Nov 09 21:36:08.115170 2019] [mpm_winnt:notice] [pid 3580:tid 656] AH00456: Apache Lounge VC14 Server built: Oct  4 2017 11:36:32
[Sat Nov 09 21:36:08.115170 2019] [core:notice] [pid 3580:tid 656] AH00094: Command line: 'apache\\bin\\httpd.exe -d E:/SKRIPSI Desy/server/apache -f conf\\httpd.conf'
[Sat Nov 09 21:36:08.130828 2019] [mpm_winnt:notice] [pid 3580:tid 656] AH00418: Parent: Created child process 6864
Apache server shutdown initiated...
sl:warn] [pid 6864:tid 656] AH01909: www.example.com:443:0 server certificate does NOT include an ID which matches the server name
[Sat Nov 09 21:36:09.677639 2019] [ssl:warn] [pid 6864:tid 656] AH01909: www.example.com:443:0 server certificate does NOT include an ID which matches the server name
[Sat Nov 09 21:36:09.693264 2019] [mpm_winnt:notice] [pid 6864:tid 656] AH00354: Child: Starting 150 worker threads.
[Sat Nov 09 21:36:49.860939 2019] [mpm_winnt:notice] [pid 3580:tid 656] AH00422: Parent: Received shutdown signal -- Shutting down the server.
[Sat Nov 09 21:36:51.892140 2019] [mpm_winnt:notice] [pid 6864:tid 656] AH00364: Child: All worker threads have exited.
[Sat Nov 09 21:36:51.938978 2019] [mpm_winnt:notice] [pid 3580:tid 656] AH00430: Parent: Child process 6864 exited successfully.
[Sat Nov 09 21:37:15.570201 2019] [ssl:warn] [pid 9080:tid 656] AH01909: www.example.com:443:0 server certificate does NOT include an ID which matches the server name
[Sat Nov 09 21:37:15.773322 2019] [ssl:warn] [pid 9080:tid 656] AH01909: www.example.com:443:0 server certificate does NOT include an ID which matches the server name
[Sat Nov 09 21:37:15.804574 2019] [mpm_winnt:notice] [pid 9080:tid 656] AH00455: Apache/2.4.28 (Win32) OpenSSL/1.0.2l PHP/7.1.10 configured -- resuming normal operations
[Sat Nov 09 21:37:15.804574 2019] [mpm_winnt:notice] [pid 9080:tid 656] AH00456: Apache Lounge VC14 Server built: Oct  4 2017 11:36:32
[Sat Nov 09 21:37:15.804574 2019] [core:notice] [pid 9080:tid 656] AH00094: Command line: 'apache\\bin\\httpd.exe -d E:/SKRIPSI Desy/server/apache -f conf\\httpd.conf'
[Sat Nov 09 21:37:15.804574 2019] [mpm_winnt:notice] [pid 9080:tid 656] AH00418: Parent: Created child process 6452
Apache server shutdown initiated...
sl:warn] [pid 6452:tid 224] AH01909: www.example.com:443:0 server certificate does NOT include an ID which matches the server name
[Sat Nov 09 21:37:17.367039 2019] [ssl:warn] [pid 6452:tid 224] AH01909: www.example.com:443:0 server certificate does NOT include an ID which matches the server name
[Sat Nov 09 21:37:17.398291 2019] [mpm_winnt:notice] [pid 6452:tid 224] AH00354: Child: Starting 150 worker threads.
[Sat Nov 09 21:37:37.080308 2019] [mpm_winnt:notice] [pid 9080:tid 656] AH00422: Parent: Received shutdown signal -- Shutting down the server.
[Sat Nov 09 21:37:39.111515 2019] [mpm_winnt:notice] [pid 6452:tid 224] AH00364: Child: All worker threads have exited.
[Sat Nov 09 21:37:39.158361 2019] [mpm_winnt:notice] [pid 9080:tid 656] AH00430: Parent: Child process 6452 exited successfully.
[Sat Nov 09 21:38:54.220801 2019] [ssl:warn] [pid 8932:tid 700] AH01909: www.example.com:443:0 server certificate does NOT include an ID which matches the server name
[Sat Nov 09 21:38:54.446787 2019] [ssl:warn] [pid 8932:tid 700] AH01909: www.example.com:443:0 server certificate does NOT include an ID which matches the server name
[Sat Nov 09 21:38:54.477785 2019] [mpm_winnt:notice] [pid 8932:tid 700] AH00455: Apache/2.4.28 (Win32) OpenSSL/1.0.2l PHP/7.1.10 configured -- resuming normal operations
[Sat Nov 09 21:38:54.477785 2019] [mpm_winnt:notice] [pid 8932:tid 700] AH00456: Apache Lounge VC14 Server built: Oct  4 2017 11:36:32
[Sat Nov 09 21:38:54.477785 2019] [core:notice] [pid 8932:tid 700] AH00094: Command line: 'apache\\bin\\httpd.exe -d E:/SKRIPSI Desy/server/apache -f conf\\httpd.conf'
[Sat Nov 09 21:38:54.484786 2019] [mpm_winnt:notice] [pid 8932:tid 700] AH00418: Parent: Created child process 8064
Apache server shutdown initiated...
sl:warn] [pid 8064:tid 664] AH01909: www.example.com:443:0 server certificate does NOT include an ID which matches the server name
[Sat Nov 09 21:38:55.944700 2019] [ssl:warn] [pid 8064:tid 664] AH01909: www.example.com:443:0 server certificate does NOT include an ID which matches the server name
[Sat Nov 09 21:38:55.972701 2019] [mpm_winnt:notice] [pid 8064:tid 664] AH00354: Child: Starting 150 worker threads.
[Sat Nov 09 21:39:21.490269 2019] [mpm_winnt:notice] [pid 8932:tid 700] AH00422: Parent: Received shutdown signal -- Shutting down the server.
[Sat Nov 09 21:39:23.494195 2019] [mpm_winnt:notice] [pid 8064:tid 664] AH00364: Child: All worker threads have exited.
[Sat Nov 09 21:39:23.540148 2019] [mpm_winnt:notice] [pid 8932:tid 700] AH00430: Parent: Child process 8064 exited successfully.
[Mon Nov 11 16:42:17.595416 2019] [ssl:warn] [pid 8264:tid 680] AH01909: www.example.com:443:0 server certificate does NOT include an ID which matches the server name
[Mon Nov 11 16:42:17.837402 2019] [ssl:warn] [pid 8264:tid 680] AH01909: www.example.com:443:0 server certificate does NOT include an ID which matches the server name
[Mon Nov 11 16:42:18.583356 2019] [mpm_winnt:notice] [pid 8264:tid 680] AH00455: Apache/2.4.28 (Win32) OpenSSL/1.0.2l PHP/7.1.10 configured -- resuming normal operations
[Mon Nov 11 16:42:18.583356 2019] [mpm_winnt:notice] [pid 8264:tid 680] AH00456: Apache Lounge VC14 Server built: Oct  4 2017 11:36:32
[Mon Nov 11 16:42:18.583356 2019] [core:notice] [pid 8264:tid 680] AH00094: Command line: 'apache\\bin\\httpd.exe -d E:/SKRIPSI Desy/server/apache -f conf\\httpd.conf'
[Mon Nov 11 16:42:18.592356 2019] [mpm_winnt:notice] [pid 8264:tid 680] AH00418: Parent: Created child process 1264
Apache server shutdown initiated...
sl:warn] [pid 1264:tid 652] AH01909: www.example.com:443:0 server certificate does NOT include an ID which matches the server name
[Mon Nov 11 16:42:20.085269 2019] [ssl:warn] [pid 1264:tid 652] AH01909: www.example.com:443:0 server certificate does NOT include an ID which matches the server name
[Mon Nov 11 16:42:20.120265 2019] [mpm_winnt:notice] [pid 1264:tid 652] AH00354: Child: Starting 150 worker threads.
[Mon Nov 11 16:44:06.395389 2019] [mpm_winnt:notice] [pid 8264:tid 680] AH00422: Parent: Received shutdown signal -- Shutting down the server.
[Mon Nov 11 16:44:08.399226 2019] [mpm_winnt:notice] [pid 1264:tid 652] AH00364: Child: All worker threads have exited.
[Mon Nov 11 16:44:08.445226 2019] [mpm_winnt:notice] [pid 8264:tid 680] AH00430: Parent: Child process 1264 exited successfully.
[Mon Nov 11 16:52:53.436184 2019] [ssl:warn] [pid 1596:tid 676] AH01909: www.example.com:443:0 server certificate does NOT include an ID which matches the server name
[Mon Nov 11 16:52:53.623678 2019] [ssl:warn] [pid 1596:tid 676] AH01909: www.example.com:443:0 server certificate does NOT include an ID which matches the server name
[Mon Nov 11 16:52:54.264295 2019] [mpm_winnt:notice] [pid 1596:tid 676] AH00455: Apache/2.4.28 (Win32) OpenSSL/1.0.2l PHP/7.1.10 configured -- resuming normal operations
[Mon Nov 11 16:52:54.264295 2019] [mpm_winnt:notice] [pid 1596:tid 676] AH00456: Apache Lounge VC14 Server built: Oct  4 2017 11:36:32
[Mon Nov 11 16:52:54.264295 2019] [core:notice] [pid 1596:tid 676] AH00094: Command line: 'apache\\bin\\httpd.exe -d E:/SKRIPSI Desy/server/apache -f conf\\httpd.conf'
[Mon Nov 11 16:52:54.279924 2019] [mpm_winnt:notice] [pid 1596:tid 676] AH00418: Parent: Created child process 4448
Apache server shutdown initiated...
sl:warn] [pid 4448:tid 612] AH01909: www.example.com:443:0 server certificate does NOT include an ID which matches the server name
[Mon Nov 11 16:52:55.795518 2019] [ssl:warn] [pid 4448:tid 612] AH01909: www.example.com:443:0 server certificate does NOT include an ID which matches the server name
[Mon Nov 11 16:52:55.826768 2019] [mpm_winnt:notice] [pid 4448:tid 612] AH00354: Child: Starting 150 worker threads.
[Mon Nov 11 16:59:06.787907 2019] [mpm_winnt:notice] [pid 1596:tid 676] AH00422: Parent: Received shutdown signal -- Shutting down the server.
[Mon Nov 11 16:59:08.819212 2019] [mpm_winnt:notice] [pid 4448:tid 612] AH00364: Child: All worker threads have exited.
[Mon Nov 11 16:59:08.866052 2019] [mpm_winnt:notice] [pid 1596:tid 676] AH00430: Parent: Child process 4448 exited successfully.
[Tue Nov 12 12:55:45.785128 2019] [ssl:warn] [pid 8652:tid 216] AH01909: www.example.com:443:0 server certificate does NOT include an ID which matches the server name
[Tue Nov 12 12:55:45.997116 2019] [ssl:warn] [pid 8652:tid 216] AH01909: www.example.com:443:0 server certificate does NOT include an ID which matches the server name
[Tue Nov 12 12:55:46.660079 2019] [mpm_winnt:notice] [pid 8652:tid 216] AH00455: Apache/2.4.28 (Win32) OpenSSL/1.0.2l PHP/7.1.10 configured -- resuming normal operations
[Tue Nov 12 12:55:46.660079 2019] [mpm_winnt:notice] [pid 8652:tid 216] AH00456: Apache Lounge VC14 Server built: Oct  4 2017 11:36:32
[Tue Nov 12 12:55:46.660079 2019] [core:notice] [pid 8652:tid 216] AH00094: Command line: 'apache\\bin\\httpd.exe -d E:/SKRIPSI Desy/server/apache -f conf\\httpd.conf'
[Tue Nov 12 12:55:46.670079 2019] [mpm_winnt:notice] [pid 8652:tid 216] AH00418: Parent: Created child process 2952
[Tue Nov 12 12:55:48.179994 2019] [ssl:warn] [pid 2952:tid 608] AH01909: www.example.com:443:0 server certificate does NOT include an ID which matches the server name
[Tue Nov 12 12:55:48.382984 2019] [ssl:warn] [pid 2952:tid 608] AH01909: www.example.com:443:0 server certificate does NOT include an ID which matches the server name
[Tue Nov 12 12:55:48.418981 2019] [mpm_winnt:notice] [pid 2952:tid 608] AH00354: Child: Starting 150 worker threads.
[Tue Nov 12 13:15:57.076957 2019] [ssl:warn] [pid 7560:tid 624] AH01909: www.example.com:443:0 server certificate does NOT include an ID which matches the server name
[Tue Nov 12 13:15:57.123816 2019] [core:warn] [pid 7560:tid 624] AH00098: pid file E:/SKRIPSI Desy/server/apache/logs/httpd.pid overwritten -- Unclean shutdown of previous Apache run?
[Tue Nov 12 13:15:57.233189 2019] [ssl:warn] [pid 7560:tid 624] AH01909: www.example.com:443:0 server certificate does NOT include an ID which matches the server name
[Tue Nov 12 13:15:57.826926 2019] [mpm_winnt:notice] [pid 7560:tid 624] AH00455: Apache/2.4.28 (Win32) OpenSSL/1.0.2l PHP/7.1.10 configured -- resuming normal operations
[Tue Nov 12 13:15:57.826926 2019] [mpm_winnt:notice] [pid 7560:tid 624] AH00456: Apache Lounge VC14 Server built: Oct  4 2017 11:36:32
[Tue Nov 12 13:15:57.826926 2019] [core:notice] [pid 7560:tid 624] AH00094: Command line: 'apache\\bin\\httpd.exe -d E:/SKRIPSI Desy/server/apache -f conf\\httpd.conf'
[Tue Nov 12 13:15:57.842550 2019] [mpm_winnt:notice] [pid 7560:tid 624] AH00418: Parent: Created child process 2760
[Tue Nov 12 13:15:59.045649 2019] [ssl:warn] [pid 2760:tid 236] AH01909: www.example.com:443:0 server certificate does NOT include an ID which matches the server name
[Tue Nov 12 13:15:59.233144 2019] [ssl:warn] [pid 2760:tid 236] AH01909: www.example.com:443:0 server certificate does NOT include an ID which matches the server name
[Tue Nov 12 13:15:59.264399 2019] [mpm_winnt:notice] [pid 2760:tid 236] AH00354: Child: Starting 150 worker threads.
[Tue Nov 12 13:18:24.732998 2019] [ssl:warn] [pid 3548:tid 632] AH01909: www.example.com:443:0 server certificate does NOT include an ID which matches the server name
[Tue Nov 12 13:18:24.795497 2019] [core:warn] [pid 3548:tid 632] AH00098: pid file E:/SKRIPSI Desy/server/apache/logs/httpd.pid overwritten -- Unclean shutdown of previous Apache run?
[Tue Nov 12 13:18:24.920494 2019] [ssl:warn] [pid 3548:tid 632] AH01909: www.example.com:443:0 server certificate does NOT include an ID which matches the server name
[Tue Nov 12 13:18:25.545480 2019] [mpm_winnt:notice] [pid 3548:tid 632] AH00455: Apache/2.4.28 (Win32) OpenSSL/1.0.2l PHP/7.1.10 configured -- resuming normal operations
[Tue Nov 12 13:18:25.545480 2019] [mpm_winnt:notice] [pid 3548:tid 632] AH00456: Apache Lounge VC14 Server built: Oct  4 2017 11:36:32
[Tue Nov 12 13:18:25.545480 2019] [core:notice] [pid 3548:tid 632] AH00094: Command line: 'apache\\bin\\httpd.exe -d E:/SKRIPSI Desy/server/apache -f conf\\httpd.conf'
[Tue Nov 12 13:18:25.561105 2019] [mpm_winnt:notice] [pid 3548:tid 632] AH00418: Parent: Created child process 5824
[Tue Nov 12 13:18:26.951701 2019] [ssl:warn] [pid 5824:tid 640] AH01909: www.example.com:443:0 server certificate does NOT include an ID which matches the server name
[Tue Nov 12 13:18:27.154817 2019] [ssl:warn] [pid 5824:tid 640] AH01909: www.example.com:443:0 server certificate does NOT include an ID which matches the server name
[Tue Nov 12 13:18:27.186069 2019] [mpm_winnt:notice] [pid 5824:tid 640] AH00354: Child: Starting 150 worker threads.
[Tue Nov 12 13:24:52.221318 2019] [mpm_winnt:notice] [pid 3548:tid 632] AH00422: Parent: Received shutdown signal -- Shutting down the server.
[Tue Nov 12 13:24:54.252553 2019] [mpm_winnt:notice] [pid 5824:tid 640] AH00364: Child: All worker threads have exited.
[Tue Nov 12 13:24:54.283770 2019] [mpm_winnt:notice] [pid 3548:tid 632] AH00430: Parent: Child process 5824 exited successfully.
[Tue Nov 12 13:26:11.279232 2019] [ssl:warn] [pid 1924:tid 640] AH01909: www.example.com:443:0 server certificate does NOT include an ID which matches the server name
[Tue Nov 12 13:26:11.435472 2019] [ssl:warn] [pid 1924:tid 640] AH01909: www.example.com:443:0 server certificate does NOT include an ID which matches the server name
[Tue Nov 12 13:26:11.451098 2019] [mpm_winnt:notice] [pid 1924:tid 640] AH00455: Apache/2.4.28 (Win32) OpenSSL/1.0.2l PHP/7.1.10 configured -- resuming normal operations
[Tue Nov 12 13:26:11.451098 2019] [mpm_winnt:notice] [pid 1924:tid 640] AH00456: Apache Lounge VC14 Server built: Oct  4 2017 11:36:32
[Tue Nov 12 13:26:11.451098 2019] [core:notice] [pid 1924:tid 640] AH00094: Command line: 'apache\\bin\\httpd.exe -d E:/SKRIPSI Desy/server/apache -f conf\\httpd.conf'
[Tue Nov 12 13:26:11.466726 2019] [mpm_winnt:notice] [pid 1924:tid 640] AH00418: Parent: Created child process 7280
[Tue Nov 12 13:26:12.544859 2019] [ssl:warn] [pid 7280:tid 680] AH01909: www.example.com:443:0 server certificate does NOT include an ID which matches the server name
[Tue Nov 12 13:26:12.669847 2019] [ssl:warn] [pid 7280:tid 680] AH01909: www.example.com:443:0 server certificate does NOT include an ID which matches the server name
[Tue Nov 12 13:26:12.716854 2019] [mpm_winnt:notice] [pid 7280:tid 680] AH00354: Child: Starting 150 worker threads.
[Tue Nov 12 13:26:34.909996 2019] [mpm_winnt:notice] [pid 1924:tid 640] AH00422: Parent: Received shutdown signal -- Shutting down the server.
[Tue Nov 12 13:26:36.941172 2019] [mpm_winnt:notice] [pid 7280:tid 680] AH00364: Child: All worker threads have exited.
[Tue Nov 12 13:26:37.003672 2019] [mpm_winnt:notice] [pid 1924:tid 640] AH00430: Parent: Child process 7280 exited successfully.
[Tue Nov 12 13:27:00.533561 2019] [ssl:warn] [pid 192:tid 256] AH01909: www.example.com:443:0 server certificate does NOT include an ID which matches the server name
[Tue Nov 12 13:27:00.674217 2019] [ssl:warn] [pid 192:tid 256] AH01909: www.example.com:443:0 server certificate does NOT include an ID which matches the server name
[Tue Nov 12 13:27:00.705451 2019] [mpm_winnt:notice] [pid 192:tid 256] AH00455: Apache/2.4.28 (Win32) OpenSSL/1.0.2l PHP/7.1.10 configured -- resuming normal operations
[Tue Nov 12 13:27:00.705451 2019] [mpm_winnt:notice] [pid 192:tid 256] AH00456: Apache Lounge VC14 Server built: Oct  4 2017 11:36:32
[Tue Nov 12 13:27:00.705451 2019] [core:notice] [pid 192:tid 256] AH00094: Command line: 'apache\\bin\\httpd.exe -d E:/SKRIPSI Desy/server/apache -f conf\\httpd.conf'
[Tue Nov 12 13:27:00.705451 2019] [mpm_winnt:notice] [pid 192:tid 256] AH00418: Parent: Created child process 8340
[Tue Nov 12 13:27:01.674161 2019] [ssl:warn] [pid 8340:tid 608] AH01909: www.example.com:443:0 server certificate does NOT include an ID which matches the server name
[Tue Nov 12 13:27:01.799191 2019] [ssl:warn] [pid 8340:tid 608] AH01909: www.example.com:443:0 server certificate does NOT include an ID which matches the server name
[Tue Nov 12 13:27:01.830423 2019] [mpm_winnt:notice] [pid 8340:tid 608] AH00354: Child: Starting 150 worker threads.
[Tue Nov 12 13:27:40.173667 2019] [mpm_winnt:notice] [pid 192:tid 256] AH00422: Parent: Received shutdown signal -- Shutting down the server.
[Tue Nov 12 13:27:42.204923 2019] [mpm_winnt:notice] [pid 8340:tid 608] AH00364: Child: All worker threads have exited.
[Tue Nov 12 13:27:42.251745 2019] [mpm_winnt:notice] [pid 192:tid 256] AH00430: Parent: Child process 8340 exited successfully.
[Tue Nov 12 13:27:55.570269 2019] [ssl:warn] [pid 8612:tid 616] AH01909: www.example.com:443:0 server certificate does NOT include an ID which matches the server name
[Tue Nov 12 13:27:55.710891 2019] [ssl:warn] [pid 8612:tid 616] AH01909: www.example.com:443:0 server certificate does NOT include an ID which matches the server name
[Tue Nov 12 13:27:55.726488 2019] [mpm_winnt:notice] [pid 8612:tid 616] AH00455: Apache/2.4.28 (Win32) OpenSSL/1.0.2l PHP/7.1.10 configured -- resuming normal operations
[Tue Nov 12 13:27:55.726488 2019] [mpm_winnt:notice] [pid 8612:tid 616] AH00456: Apache Lounge VC14 Server built: Oct  4 2017 11:36:32
[Tue Nov 12 13:27:55.726488 2019] [core:notice] [pid 8612:tid 616] AH00094: Command line: 'apache\\bin\\httpd.exe -d E:/SKRIPSI Desy/server/apache -f conf\\httpd.conf'
[Tue Nov 12 13:27:55.742113 2019] [mpm_winnt:notice] [pid 8612:tid 616] AH00418: Parent: Created child process 5080
[Tue Nov 12 13:27:56.820233 2019] [ssl:warn] [pid 5080:tid 624] AH01909: www.example.com:443:0 server certificate does NOT include an ID which matches the server name
[Tue Nov 12 13:27:56.960831 2019] [ssl:warn] [pid 5080:tid 624] AH01909: www.example.com:443:0 server certificate does NOT include an ID which matches the server name
[Tue Nov 12 13:27:56.976462 2019] [mpm_winnt:notice] [pid 5080:tid 624] AH00354: Child: Starting 150 worker threads.
[Tue Nov 12 13:45:57.124974 2019] [mpm_winnt:notice] [pid 8612:tid 616] AH00422: Parent: Received shutdown signal -- Shutting down the server.
[Tue Nov 12 13:45:59.156230 2019] [mpm_winnt:notice] [pid 5080:tid 624] AH00364: Child: All worker threads have exited.
[Tue Nov 12 13:45:59.203111 2019] [mpm_winnt:notice] [pid 8612:tid 616] AH00430: Parent: Child process 5080 exited successfully.
[Tue Nov 12 14:07:38.546228 2019] [ssl:warn] [pid 1496:tid 632] AH01909: www.example.com:443:0 server certificate does NOT include an ID which matches the server name
[Tue Nov 12 14:07:38.718080 2019] [ssl:warn] [pid 1496:tid 632] AH01909: www.example.com:443:0 server certificate does NOT include an ID which matches the server name
[Tue Nov 12 14:07:38.843186 2019] [mpm_winnt:notice] [pid 1496:tid 632] AH00455: Apache/2.4.28 (Win32) OpenSSL/1.0.2l PHP/7.1.10 configured -- resuming normal operations
[Tue Nov 12 14:07:38.843186 2019] [mpm_winnt:notice] [pid 1496:tid 632] AH00456: Apache Lounge VC14 Server built: Oct  4 2017 11:36:32
[Tue Nov 12 14:07:38.843186 2019] [core:notice] [pid 1496:tid 632] AH00094: Command line: 'apache\\bin\\httpd.exe -d E:/SKRIPSI Desy/server/apache -f conf\\httpd.conf'
[Tue Nov 12 14:07:38.858699 2019] [mpm_winnt:notice] [pid 1496:tid 632] AH00418: Parent: Created child process 2560
Apache server shutdown initiated...
sl:warn] [pid 2560:tid 216] AH01909: www.example.com:443:0 server certificate does NOT include an ID which matches the server name
[Tue Nov 12 14:07:40.264919 2019] [ssl:warn] [pid 2560:tid 216] AH01909: www.example.com:443:0 server certificate does NOT include an ID which matches the server name
[Tue Nov 12 14:07:40.296180 2019] [mpm_winnt:notice] [pid 2560:tid 216] AH00354: Child: Starting 150 worker threads.
[Tue Nov 12 14:20:50.996452 2019] [php7:warn] [pid 2560:tid 2004] [client ::1:50335] PHP Warning:  session_start(): Cannot send session cache limiter - headers already sent (output started at E:\\SKRIPSI Desy\\server\\moodle\\local\\adminer\\lib\\adminer.php:2035) in E:\\SKRIPSI Desy\\server\\moodle\\local\\adminer\\lib\\adminer.php on line 72, referer: http://localhost/local/adminer/index.php
[Tue Nov 12 14:21:00.671908 2019] [php7:warn] [pid 2560:tid 2004] [client ::1:50356] PHP Warning:  session_start(): Cannot send session cache limiter - headers already sent (output started at E:\\SKRIPSI Desy\\server\\moodle\\local\\adminer\\lib\\adminer.php:1828) in E:\\SKRIPSI Desy\\server\\moodle\\local\\adminer\\lib\\adminer.php on line 72, referer: http://localhost/local/adminer/lib/run_adminer.php?server&username&db=moodle
[Tue Nov 12 14:39:55.977058 2019] [mpm_winnt:notice] [pid 1496:tid 632] AH00422: Parent: Received shutdown signal -- Shutting down the server.
[Tue Nov 12 14:39:57.980979 2019] [mpm_winnt:notice] [pid 2560:tid 216] AH00364: Child: All worker threads have exited.
[Tue Nov 12 14:39:58.057934 2019] [mpm_winnt:notice] [pid 1496:tid 632] AH00430: Parent: Child process 2560 exited successfully.
